<?xml version="1.0" encoding="UTF-8"?>
<!-- Generated by org.testng.reporters.JUnitXMLReporter -->
<testsuite ignored="6" hostname="THE8MANSLAPTOP" failures="0" tests="1" name="Default test" time="38.126" errors="0" timestamp="2024-05-30T02:05:42 GMT-04:00">
  <testcase classname="automationcodeonTiffenOrdersByRupavira.Order" name="BreadsPickup" time="29.959"/>
  <testcase classname="automationcodeonTiffenOrdersByRupavira.Order" name="RiceDelivery" time="0.0">
    <ignored/>
  </testcase> <!-- RiceDelivery -->
  <testcase classname="automationcodeonTiffenOrdersByRupavira.Order" name="VegEntre" time="0.0">
    <ignored/>
  </testcase> <!-- VegEntre -->
  <testcase classname="automationcodeonTiffenOrdersByRupavira.Order" name="NonvegEntre" time="0.0">
    <ignored/>
  </testcase> <!-- NonvegEntre -->
  <testcase classname="automationcodeonTiffenOrdersByRupavira.Order" name="Specialorder" time="0.0">
    <ignored/>
  </testcase> <!-- Specialorder -->
  <testcase classname="automationcodeonTiffenOrdersByRupavira.Order" name="Appetizer" time="0.0">
    <ignored/>
  </testcase> <!-- Appetizer -->
  <testcase classname="automationcodeonTiffenOrdersByRupavira.Order" name="Soup" time="0.0">
    <ignored/>
  </testcase> <!-- Soup -->
</testsuite> <!-- Default test -->
