<?xml version="1.0" encoding="UTF-8"?>
<testng-results ignored="0" total="7" passed="7" failed="0" skipped="0">
  <reporter-output>
  </reporter-output>
  <suite started-at="2024-05-30T10:43:50 GMT-04:00" name="TiffenOrderPlacement" finished-at="2024-05-30T10:45:41 GMT-04:00" duration-ms="111487">
    <groups>
    </groups>
    <test started-at="2024-05-30T10:43:50 GMT-04:00" name="TiffenOrderReport" finished-at="2024-05-30T10:45:41 GMT-04:00" duration-ms="111487">
      <class name="automationcodeonTiffenOrdersByRupavira.Order">
        <test-method is-config="true" signature="setup()[pri:0, instance:automationcodeonTiffenOrdersByRupavira.Order@33065d67]" started-at="2024-05-30T10:43:50 GMT-04:00" name="setup" finished-at="2024-05-30T10:43:57 GMT-04:00" duration-ms="7183" status="PASS">
          <reporter-output>
          </reporter-output>
        </test-method> <!-- setup -->
        <test-method signature="Soup()[pri:1, instance:automationcodeonTiffenOrdersByRupavira.Order@33065d67]" started-at="2024-05-30T10:43:57 GMT-04:00" name="Soup" finished-at="2024-05-30T10:44:01 GMT-04:00" duration-ms="4027" status="PASS">
          <reporter-output>
          </reporter-output>
        </test-method> <!-- Soup -->
        <test-method is-config="true" signature="close()[pri:0, instance:automationcodeonTiffenOrdersByRupavira.Order@33065d67]" started-at="2024-05-30T10:44:01 GMT-04:00" name="close" finished-at="2024-05-30T10:44:01 GMT-04:00" duration-ms="217" status="PASS">
          <reporter-output>
          </reporter-output>
        </test-method> <!-- close -->
        <test-method is-config="true" signature="setup()[pri:0, instance:automationcodeonTiffenOrdersByRupavira.Order@33065d67]" started-at="2024-05-30T10:44:01 GMT-04:00" name="setup" finished-at="2024-05-30T10:44:08 GMT-04:00" duration-ms="6085" status="PASS">
          <reporter-output>
          </reporter-output>
        </test-method> <!-- setup -->
        <test-method signature="Appetizer()[pri:2, instance:automationcodeonTiffenOrdersByRupavira.Order@33065d67]" started-at="2024-05-30T10:44:08 GMT-04:00" name="Appetizer" finished-at="2024-05-30T10:44:10 GMT-04:00" duration-ms="2735" status="PASS">
          <reporter-output>
          </reporter-output>
        </test-method> <!-- Appetizer -->
        <test-method is-config="true" signature="close()[pri:0, instance:automationcodeonTiffenOrdersByRupavira.Order@33065d67]" started-at="2024-05-30T10:44:10 GMT-04:00" name="close" finished-at="2024-05-30T10:44:10 GMT-04:00" duration-ms="202" status="PASS">
          <reporter-output>
          </reporter-output>
        </test-method> <!-- close -->
        <test-method is-config="true" signature="setup()[pri:0, instance:automationcodeonTiffenOrdersByRupavira.Order@33065d67]" started-at="2024-05-30T10:44:10 GMT-04:00" name="setup" finished-at="2024-05-30T10:44:16 GMT-04:00" duration-ms="5967" status="PASS">
          <reporter-output>
          </reporter-output>
        </test-method> <!-- setup -->
        <test-method signature="VegEntre()[pri:3, instance:automationcodeonTiffenOrdersByRupavira.Order@33065d67]" started-at="2024-05-30T10:44:16 GMT-04:00" name="VegEntre" finished-at="2024-05-30T10:44:21 GMT-04:00" duration-ms="4523" status="PASS">
          <reporter-output>
          </reporter-output>
        </test-method> <!-- VegEntre -->
        <test-method is-config="true" signature="close()[pri:0, instance:automationcodeonTiffenOrdersByRupavira.Order@33065d67]" started-at="2024-05-30T10:44:21 GMT-04:00" name="close" finished-at="2024-05-30T10:44:21 GMT-04:00" duration-ms="253" status="PASS">
          <reporter-output>
          </reporter-output>
        </test-method> <!-- close -->
        <test-method is-config="true" signature="setup()[pri:0, instance:automationcodeonTiffenOrdersByRupavira.Order@33065d67]" started-at="2024-05-30T10:44:21 GMT-04:00" name="setup" finished-at="2024-05-30T10:44:27 GMT-04:00" duration-ms="5830" status="PASS">
          <reporter-output>
          </reporter-output>
        </test-method> <!-- setup -->
        <test-method signature="NonvegEntre()[pri:4, instance:automationcodeonTiffenOrdersByRupavira.Order@33065d67]" started-at="2024-05-30T10:44:27 GMT-04:00" name="NonvegEntre" finished-at="2024-05-30T10:44:31 GMT-04:00" duration-ms="3840" status="PASS">
          <reporter-output>
          </reporter-output>
        </test-method> <!-- NonvegEntre -->
        <test-method is-config="true" signature="close()[pri:0, instance:automationcodeonTiffenOrdersByRupavira.Order@33065d67]" started-at="2024-05-30T10:44:31 GMT-04:00" name="close" finished-at="2024-05-30T10:44:31 GMT-04:00" duration-ms="214" status="PASS">
          <reporter-output>
          </reporter-output>
        </test-method> <!-- close -->
        <test-method is-config="true" signature="setup()[pri:0, instance:automationcodeonTiffenOrdersByRupavira.Order@33065d67]" started-at="2024-05-30T10:44:31 GMT-04:00" name="setup" finished-at="2024-05-30T10:44:36 GMT-04:00" duration-ms="5317" status="PASS">
          <reporter-output>
          </reporter-output>
        </test-method> <!-- setup -->
        <test-method signature="Specialorder()[pri:5, instance:automationcodeonTiffenOrdersByRupavira.Order@33065d67]" started-at="2024-05-30T10:44:36 GMT-04:00" name="Specialorder" finished-at="2024-05-30T10:44:40 GMT-04:00" duration-ms="3843" status="PASS">
          <reporter-output>
          </reporter-output>
        </test-method> <!-- Specialorder -->
        <test-method is-config="true" signature="close()[pri:0, instance:automationcodeonTiffenOrdersByRupavira.Order@33065d67]" started-at="2024-05-30T10:44:40 GMT-04:00" name="close" finished-at="2024-05-30T10:44:40 GMT-04:00" duration-ms="169" status="PASS">
          <reporter-output>
          </reporter-output>
        </test-method> <!-- close -->
        <test-method is-config="true" signature="setup()[pri:0, instance:automationcodeonTiffenOrdersByRupavira.Order@33065d67]" started-at="2024-05-30T10:44:40 GMT-04:00" name="setup" finished-at="2024-05-30T10:44:48 GMT-04:00" duration-ms="7729" status="PASS">
          <reporter-output>
          </reporter-output>
        </test-method> <!-- setup -->
        <test-method signature="BreadsPickup()[pri:6, instance:automationcodeonTiffenOrdersByRupavira.Order@33065d67]" started-at="2024-05-30T10:44:48 GMT-04:00" name="BreadsPickup" finished-at="2024-05-30T10:45:09 GMT-04:00" duration-ms="21236" status="PASS">
          <reporter-output>
          </reporter-output>
        </test-method> <!-- BreadsPickup -->
        <test-method is-config="true" signature="close()[pri:0, instance:automationcodeonTiffenOrdersByRupavira.Order@33065d67]" started-at="2024-05-30T10:45:09 GMT-04:00" name="close" finished-at="2024-05-30T10:45:10 GMT-04:00" duration-ms="265" status="PASS">
          <reporter-output>
          </reporter-output>
        </test-method> <!-- close -->
        <test-method is-config="true" signature="setup()[pri:0, instance:automationcodeonTiffenOrdersByRupavira.Order@33065d67]" started-at="2024-05-30T10:45:10 GMT-04:00" name="setup" finished-at="2024-05-30T10:45:19 GMT-04:00" duration-ms="9369" status="PASS">
          <reporter-output>
          </reporter-output>
        </test-method> <!-- setup -->
        <test-method signature="RiceDelivery()[pri:7, instance:automationcodeonTiffenOrdersByRupavira.Order@33065d67]" started-at="2024-05-30T10:45:19 GMT-04:00" name="RiceDelivery" finished-at="2024-05-30T10:45:41 GMT-04:00" duration-ms="21716" status="PASS">
          <reporter-output>
          </reporter-output>
        </test-method> <!-- RiceDelivery -->
        <test-method is-config="true" signature="close()[pri:0, instance:automationcodeonTiffenOrdersByRupavira.Order@33065d67]" started-at="2024-05-30T10:45:41 GMT-04:00" name="close" finished-at="2024-05-30T10:45:41 GMT-04:00" duration-ms="216" status="PASS">
          <reporter-output>
          </reporter-output>
        </test-method> <!-- close -->
      </class> <!-- automationcodeonTiffenOrdersByRupavira.Order -->
    </test> <!-- TiffenOrderReport -->
  </suite> <!-- TiffenOrderPlacement -->
</testng-results>
