<?xml version="1.0" encoding="UTF-8"?>
<!-- Generated by org.testng.reporters.JUnitXMLReporter -->
<testsuite ignored="0" hostname="THE8MANSLAPTOP" failures="0" tests="7" name="TiffenOrderReport" time="111.487" errors="0" timestamp="2024-05-30T10:45:42 GMT-04:00">
  <testcase classname="automationcodeonTiffenOrdersByRupavira.Order" name="Soup" time="4.027"/>
  <testcase classname="automationcodeonTiffenOrdersByRupavira.Order" name="Appetizer" time="2.735"/>
  <testcase classname="automationcodeonTiffenOrdersByRupavira.Order" name="VegEntre" time="4.523"/>
  <testcase classname="automationcodeonTiffenOrdersByRupavira.Order" name="NonvegEntre" time="3.84"/>
  <testcase classname="automationcodeonTiffenOrdersByRupavira.Order" name="Specialorder" time="3.843"/>
  <testcase classname="automationcodeonTiffenOrdersByRupavira.Order" name="BreadsPickup" time="21.236"/>
  <testcase classname="automationcodeonTiffenOrdersByRupavira.Order" name="RiceDelivery" time="21.716"/>
</testsuite> <!-- TiffenOrderReport -->
